<?xml version="1.0" encoding="UTF-8"?>
<testsuite name="automationTesting.autentication.TestAutentication" tests="1" skipped="0" failures="0" errors="0" timestamp="2021-05-27T01:41:54" hostname="localhost.localdomain" time="9.308">
  <properties/>
  <testcase name="autenticacionExitosa" classname="automationTesting.autentication.TestAutentication" time="9.308"/>
  <system-out><![CDATA[]]></system-out>
  <system-err><![CDATA[Starting ChromeDriver 88.0.4324.96 (68dba2d8a0b149a1d3afac56fa74648032bcf46b-refs/branch-heads/4324@{#1784}) on port 8518
Only local connections are allowed.
Please see https://chromedriver.chromium.org/security-considerations for suggestions on keeping ChromeDriver safe.
ChromeDriver was started successfully.
may 26, 2021 8:41:55 PM org.openqa.selenium.remote.ProtocolHandshake createSession
INFORMACIÓN: Detected dialect: W3C
]]></system-err>
</testsuite>
